5987456 457 13101
5987456 456 13130
5987456 457 13101
5987456 455 13159
5987456 455 13159
5987456 456 13130
5987456 455 13159
5987456 457 13101
5987456 454 13188
5987456 454 13188
5987456 455 13159
5987456 447 13394
5987456 455 13159
5987456 456 13130
5987456 456 13130
5987456 456 13130
5987456 454 13188
5987456 455 13159
5987456 456 13130
5987456 455 13159
5987456 453 13217
5987456 456 13130
5987456 456 13130
5987456 455 13159
5987456 463 12931
5987456 458 13073
5987456 454 13188
5987456 457 13101
5987456 457 13101
5987456 456 13130
5987456 455 13159
5987456 457 13101
5987456 456 13130
5987456 456 13130
5987456 456 13130
5987456 458 13073
5987456 460 13016
5987456 456 13130
5987456 457 13101
5987456 457 13101
5987456 457 13101
5987456 468 12793
5987456 457 13101
5987456 456 13130
5987456 457 13101
5987456 457 13101
5987456 457 13101
5987456 456 13130
5987456 467 12821
5987456 458 13073
5987456 457 13101
5987456 457 13101
5987456 457 13101
5987456 458 13073
5987456 458 13073
5987456 459 13044
5987456 457 13101
5987456 458 13073
5987456 457 13101
5987456 456 13130
5987456 462 12959
5987456 457 13101
5987456 457 13101
5987456 457 13101
5987456 470 12739
5987456 462 12959
5987456 473 12658
5987456 457 13101
5987456 457 13101
5987456 467 12821
5987456 457 13101
5987456 460 13016
5987456 461 12987
5987456 471 12712
5987456 463 12931
5987456 457 13101
5987456 457 13101
5987456 470 12739
5987456 457 13101
5987456 457 13101
5987456 457 13101
5987456 456 13130
5987456 457 13101
5987456 466 12848
5987456 474 12631
5987456 458 13073
5987456 483 12396
5987456 456 13130
5987456 457 13101
5987456 461 12987
5987456 464 12904
5987456 463 12931
5987456 460 13016
5987456 457 13101
5987456 464 12904
5987456 471 12712
5987456 457 13101
5987456 457 13101
5987456 459 13044
5987456 457 13101
5987456 457 13101
5987456 457 13101
5987456 457 13101
5987456 485 12345
5987456 457 13101
5987456 457 13101
5987456 457 13101
5987456 457 13101
5987456 467 12821
5987456 458 13073
5987456 457 13101
5987456 457 13101
5987456 489 12244
5987456 457 13101
5987456 548 10926
5987456 491 12194
5987456 457 13101
5987456 457 13101
5987456 457 13101
5987456 459 13044
5987456 457 13101
5987456 457 13101
5987456 457 13101
5987456 457 13101
5987456 471 12712
5987456 461 12987
5987456 470 12739
5987456 467 12821
5987456 457 13101
5987456 504 11879
5987456 483 12396
5987456 504 11879
5987456 504 11879
5987456 482 12422
5987456 464 12904
5987456 457 13101
5987456 471 12712
5987456 548 10926
5987456 469 12766
5987456 457 13101
5987456 482 12422
5987456 469 12766
5987456 507 11809
5987456 483 12396
5987456 513 11671
5987456 475 12605
5987456 463 12931
5987456 458 13073
5987456 464 12904
5987456 468 12793
5987456 481 12447
5987456 458 13073
5987456 508 11786
5987456 458 13073
5987456 504 11879
5987456 458 13073
5987456 458 13073
5987456 458 13073
5987456 471 12712
5987456 458 13073
5987456 517 11581
5987456 505 11856
5987456 458 13073
5987456 458 13073
5987456 458 13073
5987456 458 13073
5987456 458 13073
5987456 457 13101
5987456 458 13073
5987456 458 13073
5987456 458 13073
5987456 481 12447
5987456 458 13073
5987456 475 12605
5987456 458 13073
5987456 458 13073
5987456 458 13073
5987456 458 13073
5987456 481 12447
5987456 485 12345
5987456 483 12396
5987456 458 13073
5987456 541 11067
5987456 458 13073
5987456 458 13073
5987456 458 13073
5987456 479 12499
5987456 472 12685
5987456 458 13073
5987456 511 11717
5987456 545 10986
5987456 542 11046
5987456 546 10966
5987456 545 10986
5987456 549 10906
5987456 545 10986
5987456 545 10986
5987456 544 11006
5987456 549 10906
5987456 552 10846
5987456 552 10846
5987456 553 10827
5987456 545 10986
5987456 550 10886
5987456 554 10807
5987456 550 10886
5987456 547 10945
5987456 547 10945
5987456 553 10827
5987456 549 10906
5987456 553 10827
5987456 565 10597
5987456 568 10541
5987456 562 10653
5987456 562 10653
5987456 548 10926
5987456 561 10672
5987456 566 10578
5987456 578 10358
5987456 551 10866
5987456 578 10358
5987456 555 10788
5987456 549 10906
5987456 549 10906
5987456 554 10807
5987456 549 10906
5987456 564 10616
5987456 549 10906
5987456 579 10341
5987456 576 10394
5987456 549 10906
5987456 582 10287
5987456 571 10485
5987456 602 9945
5987456 549 10906
5987456 588 10182
5987456 603 9929
5987456 550 10886
5987456 572 10467
5987456 549 10906
5987456 578 10358
5987456 549 10906
5987456 610 9815
5987456 549 10906
5987456 549 10906
5987456 549 10906
5987456 549 10906
5987456 549 10906
5987456 549 10906
5987456 549 10906
5987456 607 9864
5987456 567 10559
5987456 631 9488
5987456 563 10634
5987456 635 9429
5987456 637 9399
5987456 639 9370
5987456 641 9340
5987456 649 9225
5987456 650 9211
5987456 647 9254
5987456 693 8639
5987456 654 9155
5987456 652 9183
5987456 656 9127
5987456 663 9030
5987456 664 9017
5987456 658 9099
5987456 670 8936
5987456 679 8818
5987456 678 8831
5987456 670 8936
5987456 681 8792
5987456 687 8715
5987456 687 8715
5987456 661 9058
5987456 692 8652
5987456 701 8541
5987456 653 9169
5987456 681 8792
5987456 706 8480
5987456 713 8397
5987456 640 9355
5987456 701 8541
5987456 697 8590
5987456 731 8190
5987456 735 8146
5987456 739 8102
5987456 742 8069
5987456 748 8004
5987456 751 7972
5987456 755 7930
5987456 759 7888
5987456 761 7867
5987456 765 7826
5987456 759 7888
5987456 755 7930
5987456 784 7637
5987456 786 7617
5987456 793 7550
5987456 797 7512
5987456 805 7437
5987456 799 7493
5987456 807 7419
5987456 823 7275
5987456 827 7239
5987456 835 7170
5987456 842 7110
5987456 847 7069
5987456 853 7019
5987456 862 6946
5987456 870 6882
5987456 876 6834
5987456 882 6788
5987456 890 6727
5987456 901 6645
5987456 902 6637
5987456 922 6493
5987456 926 6465
5987456 936 6396
5987456 945 6335
5987456 954 6276
5987456 965 6204
5987456 973 6153
5987456 983 6091
5987456 994 6023
5987456 1009 5934
5987456 1019 5875
5987456 1035 5784
5987456 1048 5713
5987456 1061 5643
5987456 1076 5564
5987456 1089 5498
5987456 1106 5413
5987456 1110 5394
5987456 1137 5266
5987456 1154 5188
5987456 1171 5113
5987456 1193 5018
5987456 1210 4948
5987456 1235 4848
5987456 1258 4759
5987456 1280 4677
5987456 1304 4591
5987456 1329 4505
5987456 1359 4405
5987456 1387 4316
5987456 1419 4219
5987456 1451 4126
5987456 1488 4023
5987456 1524 3928
5987456 1564 3828
5987456 1607 3725
5987456 1653 3622
5987456 1702 3517
5987456 1748 3425
5987456 1814 3300
5987456 1877 3189
5987456 1946 3076
5987456 2020 2964
5987456 2098 2853
5987456 2194 2729
5987456 2297 2606
5987456 2407 2487
5987456 2538 2359
5987456 2682 2232
5987456 2843 2106
5987456 3038 1970
5987456 3260 1836
5987456 3522 1700
5987456 3835 1561
5987456 4219 1419
5987456 4700 1273
5987456 5309 1127
5987456 6140 975
5987456 3536 1693
5987456 3853 1553
5987456 4239 1412
5987456 4726 1266
5987456 5350 1119
5987456 6179 969
5987456 3548 1687
5987456 3870 1547
5987456 4252 1408
5987456 4389 1364
5987456 5381 1112
5987456 3292 1818
5987456 3561 1681
5987456 3874 1545
5987456 4282 1398
5987456 4779 1252
5987456 5416 1105
5987456 3303 1812
5987456 3574 1675
5987456 3901 1534
5987456 4275 1400
5987456 4754 1259
5987456 5454 1097
5987456 3317 1805
5987456 3589 1668
5987456 3918 1528
5987456 4324 1384
5987456 4830 1239
5987456 5488 1091
5987456 3328 1799
5987456 3604 1661
5987456 3929 1523
5987456 4337 1380
5987456 4853 1233
5987456 5523 1084
5987456 3341 1792
5987456 3620 1653
5987456 3949 1516
5987456 4366 1371
5987456 4883 1226
5987456 5559 1077
5987456 3351 1786
5987456 3626 1651
5987456 3966 1509
5987456 4387 1364
5987456 4892 1223
5987456 5596 1069
5987456 3363 1780
5987456 3646 1642
5987456 3989 1500
5987456 4409 1358
5987456 4940 1212
5987456 5632 1063
5987456 3356 1784
5987456 3661 1635
5987456 3999 1497
5987456 4431 1351
5987456 4965 1205
5987456 5665 1056
5987456 3388 1767
5987456 3675 1629
5987456 4024 1487
5987456 4453 1344
5987456 4997 1198
5987456 5708 1048
5987456 3398 1762
5987456 3690 1622
5987456 4041 1481
5987456 4476 1337
5987456 5023 1192
5987456 5742 1042
5987456 3412 1754
5987456 3705 1616
5987456 4059 1475
5987456 4484 1335
5987456 5055 1184
5987456 5765 1038
5987456 3425 1748
5987456 3700 1618
5987456 4078 1468
5987456 4521 1324
5987456 5083 1177
5987456 5825 1027
5987456 3438 1741
5987456 3735 1603
5987456 4095 1462
5987456 4544 1317
5987456 5113 1171
5987456 5863 1021
5987456 3450 1735
5987456 3750 1596
5987456 4113 1455
5987456 4566 1311
5987456 5144 1163
5987456 5905 1013
5987456 3463 1728
5987456 3765 1590
5987456 4134 1448
5987456 4589 1304
5987456 5173 1157
5987456 5943 1007
5987456 3471 1724
5987456 3780 1583
5987456 4152 1442
5987456 4617 1296
5987456 5204 1150
5987456 5985 1000
5987456 3489 1716
5987456 3797 1576
5987456 4170 1435
5987456 4638 1290
5987456 5238 1143
5987456 6030 992
5987456 3501 1710
5987456 3813 1570
5987456 4169 1436
5987456 4664 1283
5987456 5268 1136
5987456 6071 986
5987456 3514 1703
5987456 3810 1571
5987456 4210 1422
5987456 4690 1276
5987456 5301 1129
5987456 6116 978
5987456 3527 1697
5987456 3844 1557
5987456 4230 1415
5987456 4713 1270
5987456 5332 1122
5987456 6113 979
5987456 3531 1695
5987456 3861 1550
5987456 4251 1408
5987456 4739 1263
5987456 5351 1118
5987456 4517 1325
5987456 3554 1684
5987456 3865 1549
5987456 4268 1402
5987456 4763 1257
5987456 5399 1108
5987456 3299 1814
5987456 3566 1679
5987456 3894 1537
5987456 4291 1395
5987456 4792 1249
5987456 5436 1101
5987456 3310 1808
5987456 3581 1672
5987456 3909 1531
5987456 4313 1388
5987456 4806 1245
5987456 5458 1097
5987456 3316 1805
5987456 3596 1665
5987456 3927 1524
5987456 4334 1381
5987456 4845 1235
5987456 5506 1087
5987456 3334 1795
5987456 3603 1661
5987456 3944 1518
5987456 4354 1375
5987456 4872 1228
5987456 5539 1080
5987456 3346 1789
5987456 3625 1651
5987456 3953 1514
5987456 4375 1368
5987456 4828 1240
5987456 5577 1073
5987456 3358 1783
5987456 3640 1644
5987456 3978 1505
5987456 4388 1364
5987456 4924 1215
5987456 5613 1066
5987456 3370 1776
5987456 3653 1639
5987456 3973 1507
5987456 4420 1354
5987456 4944 1211
5987456 5651 1059
5987456 3381 1770
5987456 3669 1631
5987456 4014 1491
5987456 4440 1348
5987456 4982 1201
5987456 5676 1054
5987456 3392 1765
5987456 3683 1625
5987456 4033 1484
5987456 4458 1343
5987456 5010 1195
5987456 5726 1045
5987456 3405 1758
5987456 3698 1619
5987456 4038 1482
5987456 4486 1334
5987456 5036 1188
5987456 5762 1039
5987456 3399 1761
5987456 3711 1613
5987456 4066 1472
5987456 4509 1327
5987456 5067 1181
5987456 5803 1031
5987456 3421 1750
5987456 3727 1606
5987456 4087 1465
5987456 4532 1321
5987456 5091 1176
5987456 5841 1025
5987456 3444 1738
5987456 3743 1599
5987456 4106 1458
5987456 4555 1314
5987456 5129 1167
5987456 5875 1019
5987456 3456 1732
5987456 3755 1594
5987456 4124 1451
5987456 4597 1302
5987456 5160 1160
5987456 5922 1011
5987456 3469 1725
5987456 3774 1586
5987456 4144 1444
5987456 4602 1301
5987456 5188 1154
5987456 5968 1003
5987456 3482 1719
5987456 3783 1582
5987456 4163 1438
5987456 4626 1294
5987456 5222 1146
5987456 6009 996
5987456 3474 1723
5987456 3805 1573
5987456 4181 1432
5987456 4651 1287
5987456 5245 1141
5987456 6014 995
5987456 3507 1707
5987456 3821 1566
5987456 4202 1424
5987456 4673 1281
5987456 5284 1133
5987456 6093 982
5987456 3522 1700
5987456 3835 1561
5987456 4229 1415
5987456 4700 1273
5987456 5309 1127
5987456 6140 975
5987456 3536 1693
5987456 3853 1553
5987456 4239 1412
5987456 4726 1266
5987456 5350 1119
5987456 6180 968
5987456 3548 1687
5987456 3869 1547
5987456 4252 1408
5987456 4389 1364
5987456 5381 1112
5987456 3292 1818
5987456 3561 1681
5987456 3874 1545
5987456 4282 1398
5987456 4779 1252
5987456 5416 1105
5987456 3303 1812
5987456 3575 1674
5987456 3900 1535
5987456 4275 1400
5987456 4754 1259
5987456 5453 1098
5987456 3317 1805
5987456 3589 1668
5987456 3918 1528
5987456 4338 1380
5987456 4830 1239
5987456 5488 1091
5987456 3328 1799
5987456 3604 1661
5987456 3929 1523
5987456 4337 1380
5987456 4853 1233
5987456 5523 1084
5987456 3341 1792
5987456 3617 1655
5987456 3949 1516
5987456 4365 1371
5987456 4881 1226
5987456 5559 1077
5987456 3351 1786
5987456 3626 1651
5987456 3966 1509
5987456 4387 1364
5987456 4892 1223
5987456 5596 1069
5987456 3363 1780
5987456 3647 1641
5987456 3989 1500
5987456 4409 1358
5987456 4940 1212
5987456 5632 1063
5987456 3356 1784
5987456 3661 1635
5987456 3999 1497
5987456 4431 1351
5987456 4965 1205
5987456 5665 1056
5987456 3388 1767
5987456 3676 1628
5987456 4024 1487
5987456 4454 1344
5987456 4997 1198
5987456 5708 1048
5987456 3398 1762
5987456 3691 1622
5987456 4041 1481
5987456 4476 1337
5987456 5023 1192
5987456 5741 1042
5987456 3412 1754
5987456 3705 1616
5987456 4059 1475
5987456 4484 1335
5987456 5055 1184
5987456 5765 1038
5987456 3441 1740
5987456 3700 1618
5987456 4078 1468
5987456 4522 1324
5987456 5083 1177
5987456 5823 1028
5987456 3439 1741
5987456 3734 1603
5987456 4095 1462
5987456 4544 1317
5987456 5112 1171
5987456 5863 1021
5987456 3449 1735
5987456 3751 1596
5987456 4112 1456
5987456 4566 1311
5987456 5144 1163
5987456 5905 1013
5987456 3463 1728
5987456 3765 1590
5987456 4134 1448
5987456 4589 1304
5987456 5173 1157
5987456 5943 1007
5987456 3471 1724
5987456 3780 1583
5987456 4152 1442
5987456 4616 1297
5987456 5204 1150
5987456 5985 1000
5987456 3489 1716
5987456 3797 1576
5987456 4170 1435
5987456 4638 1290
5987456 5238 1143
5987456 6030 992
5987456 3501 1710
5987456 3813 1570
5987456 4169 1436
5987456 4664 1283
5987456 5268 1136
5987456 6071 986
5987456 3514 1703
5987456 3811 1571
5987456 4210 1422
5987456 4689 1276
5987456 5301 1129
5987456 6116 978
5987456 3527 1697
5987456 3844 1557
